<?xml version="1.0" encoding="UTF-8"?>
<!-- Generated by org.testng.reporters.JUnitXMLReporter -->
<testsuite ignored="0" hostname="RSTPL059-PC" failures="1" tests="1" name="Test" time="0.394" errors="0" timestamp="2022-09-22T18:05:11 IST">
  <testcase classname="Kohler.priceVerification" name="pv" time="0.354">
    <failure type="java.io.IOException" message="Your InputStream was neither an OLE2 stream, nor an OOXML stream or you haven&amp;apos;t provide the poi-ooxml*.jar in the classpath/modulepath - FileMagic: OOXML, having providers: [org.apache.poi.hssf.usermodel.HSSFWorkbookFactory@27305e6]">
      <![CDATA[java.io.IOException: Your InputStream was neither an OLE2 stream, nor an OOXML stream or you haven't provide the poi-ooxml*.jar in the classpath/modulepath - FileMagic: OOXML, having providers: [org.apache.poi.hssf.usermodel.HSSFWorkbookFactory@27305e6]
at org.apache.poi.ss.usermodel.WorkbookFactory.wp(WorkbookFactory.java:334)
at org.apache.poi.ss.usermodel.WorkbookFactory.create(WorkbookFactory.java:224)
at org.apache.poi.ss.usermodel.WorkbookFactory.create(WorkbookFactory.java:185)
at Kohler.priceVerification.pv(priceVerification.java:29)
at java.base/java.util.ArrayList.forEach(ArrayList.java:1511)
... Removed 27 stack frames]]>
    </failure>
  </testcase> <!-- pv -->
</testsuite> <!-- Test -->
